2026-02-17 00:35:37,327 INFO Set uid to user 0 succeeded
2026-02-17 00:35:37,347 INFO supervisord started with pid 1
2026-02-17 00:35:38,355 INFO spawned: 'nginx' with pid 7
2026-02-17 00:35:38,362 INFO spawned: 'php-fpm' with pid 8
2026-02-17 00:35:39,456 INFO success: nginx entered RUNNING state, process has stayed up for > than 1 seconds (startsecs)
2026-02-17 00:35:39,457 INFO success: php-fpm entered RUNNING state, process has stayed up for > than 1 seconds (startsecs)
2026-02-17 00:46:34,214 INFO reaped unknown pid 106 (exit status 0)
2026-02-18 00:49:58,850 WARN received SIGQUIT indicating exit request
2026-02-18 00:49:58,906 INFO waiting for nginx, php-fpm to die
2026-02-18 00:49:58,967 INFO stopped: php-fpm (exit status 0)
2026-02-18 00:49:59,038 INFO stopped: nginx (exit status 0)
2026-02-18 01:18:02,322 INFO Set uid to user 0 succeeded
2026-02-18 01:18:02,337 INFO supervisord started with pid 1
2026-02-18 01:18:03,340 INFO spawned: 'nginx' with pid 7
2026-02-18 01:18:03,344 INFO spawned: 'php-fpm' with pid 8
2026-02-18 01:18:04,421 INFO success: nginx entered RUNNING state, process has stayed up for > than 1 seconds (startsecs)
2026-02-18 01:18:04,422 INFO success: php-fpm entered RUNNING state, process has stayed up for > than 1 seconds (startsecs)
2026-02-18 14:49:42,396 WARN received SIGQUIT indicating exit request
2026-02-18 14:49:42,483 INFO waiting for nginx, php-fpm to die
2026-02-18 14:49:42,692 INFO stopped: php-fpm (exit status 0)
2026-02-18 14:49:42,823 INFO stopped: nginx (exit status 0)
2026-02-18 14:49:47,426 INFO Set uid to user 0 succeeded
2026-02-18 14:49:47,445 INFO supervisord started with pid 1
2026-02-18 14:49:48,461 INFO spawned: 'nginx' with pid 7
2026-02-18 14:49:48,473 INFO spawned: 'php-fpm' with pid 8
2026-02-18 14:49:49,604 INFO success: nginx entered RUNNING state, process has stayed up for > than 1 seconds (startsecs)
2026-02-18 14:49:49,606 INFO success: php-fpm entered RUNNING state, process has stayed up for > than 1 seconds (startsecs)
2026-02-18 17:41:04,349 WARN received SIGQUIT indicating exit request
2026-02-18 17:41:04,415 INFO waiting for nginx, php-fpm to die
2026-02-18 17:41:04,732 INFO stopped: php-fpm (exit status 0)
2026-02-18 17:41:10,149 INFO Set uid to user 0 succeeded
2026-02-18 17:41:10,172 INFO supervisord started with pid 1
2026-02-18 17:41:11,186 INFO spawned: 'nginx' with pid 7
2026-02-18 17:41:11,196 INFO spawned: 'php-fpm' with pid 8
2026-02-18 17:41:12,578 INFO success: nginx entered RUNNING state, process has stayed up for > than 1 seconds (startsecs)
2026-02-18 17:41:12,579 INFO success: php-fpm entered RUNNING state, process has stayed up for > than 1 seconds (startsecs)
